<?xml version="1.0" encoding="UTF-8"?>
<testsuite name="org.usefullibs.greeter.impl.HelloWorldTest" tests="1" skipped="0" failures="0" errors="0" timestamp="2020-06-25T09:01:21" hostname="DESKTOP-8M527MF" time="0.002">
  <properties/>
  <testcase name="testGreeter" classname="org.usefullibs.greeter.impl.HelloWorldTest" time="0.002"/>
  <system-out><![CDATA[]]></system-out>
  <system-err><![CDATA[]]></system-err>
</testsuite>
